0 info it worked if it ends with ok
1 verbose cli [
1 verbose cli   '/opt/homebrew/Cellar/node/22.5.1/bin/node',
1 verbose cli   '/Users/adityamajumdar/node_modules/.bin/npm',
1 verbose cli   'install',
1 verbose cli   '--no-audit',
1 verbose cli   '--save',
1 verbose cli   '--save-exact',
1 verbose cli   '--loglevel',
1 verbose cli   'error',
1 verbose cli   'react',
1 verbose cli   'react-dom',
1 verbose cli   'react-scripts@0.9.x'
1 verbose cli ]
2 info using npm@3.10.10
3 info using node@v22.5.1
4 silly loadCurrentTree Starting
5 silly install loadCurrentTree
6 silly install readLocalPackageData
7 verbose stack TypeError: cb.apply is not a function
7 verbose stack     at /Users/adityamajumdar/node_modules/npm/node_modules/graceful-fs/polyfills.js:267:18
7 verbose stack     at FSReqCallback.oncomplete (node:fs:198:5)
8 verbose cwd /Users/adityamajumdar/bfhl-frontend
9 error Darwin 23.5.0
10 error argv "/opt/homebrew/Cellar/node/22.5.1/bin/node" "/Users/adityamajumdar/node_modules/.bin/npm" "install" "--no-audit" "--save" "--save-exact" "--loglevel" "error" "react" "react-dom" "react-scripts@0.9.x"
11 error node v22.5.1
12 error npm  v3.10.10
13 error cb.apply is not a function
14 error If you need help, you may report this error at:
14 error     <https://github.com/npm/npm/issues>
15 verbose exit [ 1, true ]
